D:\5005\OPENCV\OPENCV\DEBUG\TENNIS.OBJ
D:\5005\OPENCV\OPENCV\DEBUG\VC110.PDB
D:\5005\OPENCV\DEBUG\OPENCV.ILK
D:\5005\OPENCV\DEBUG\OPENCV.EXE
D:\5005\OPENCV\DEBUG\OPENCV.PDB
D:\5005\opencv\opencv\Debug\tennis.obj
D:\5005\opencv\opencv\Debug\cl.command.1.tlog
D:\5005\opencv\opencv\Debug\CL.read.1.tlog
D:\5005\opencv\opencv\Debug\CL.write.1.tlog
D:\5005\opencv\opencv\Debug\link-cvtres.read.1.tlog
D:\5005\opencv\opencv\Debug\link-cvtres.write.1.tlog
D:\5005\opencv\opencv\Debug\link-rc.read.1.tlog
D:\5005\opencv\opencv\Debug\link-rc.write.1.tlog
D:\5005\opencv\opencv\Debug\link.4208-cvtres.read.1.tlog
D:\5005\opencv\opencv\Debug\link.4208-cvtres.write.1.tlog
D:\5005\opencv\opencv\Debug\link.4208-rc.read.1.tlog
D:\5005\opencv\opencv\Debug\link.4208-rc.write.1.tlog
D:\5005\opencv\opencv\Debug\link.4208.read.1.tlog
D:\5005\opencv\opencv\Debug\link.4208.write.1.tlog
D:\5005\opencv\opencv\Debug\link.command.1.tlog
D:\5005\opencv\opencv\Debug\link.read.1.tlog
D:\5005\opencv\opencv\Debug\link.write.1.tlog
D:\5005\opencv\opencv\Debug\vc110.idb
D:\5005\opencv\opencv\Debug\vc110.pdb
D:\5005\opencv\Debug\opencv.pdb
D:\5005\opencv\Debug\opencv.exe
D:\5005\opencv\Debug\opencv.ilk
